* using log directory ‘/Users/dlee/Documents/github-test/packages/HRQoL/HRQoL.Rcheck’
* using R version 3.2.0 (2015-04-16)
* using platform: x86_64-apple-darwin13.4.0 (64-bit)
* using session charset: UTF-8
* using option ‘--as-cran’
* checking for file ‘HRQoL/DESCRIPTION’ ... OK
* this is package ‘HRQoL’ version ‘1.0’
* checking package namespace information ... OK
* checking package dependencies ... OK
* checking if this is a source package ... OK
* checking if there is a namespace ... OK
* checking for executable files ... OK
* checking for hidden files and directories ... OK
* checking for portable file names ... OK
* checking for sufficient/correct file permissions ... OK
* checking whether package ‘HRQoL’ can be installed ... OK
* checking installed package size ... OK
* checking package directory ... OK
* checking DESCRIPTION meta-information ... NOTE
Malformed Description field: should contain one or more complete sentences.
Non-standard license specification:
  What license is it under?
Standardizable: FALSE
* checking top-level files ... OK
* checking for left-over files ... OK
* checking index information ... OK
* checking package subdirectories ... OK
* checking R files for non-ASCII characters ... OK
* checking R files for syntax errors ... OK
* checking whether the package can be loaded ... OK
* checking whether the package can be loaded with stated dependencies ... OK
* checking whether the package can be unloaded cleanly ... OK
* checking whether the namespace can be loaded with stated dependencies ... OK
* checking whether the namespace can be unloaded cleanly ... OK
* checking loading without being on the library search path ... OK
* checking dependencies in R code ... OK
* checking S3 generic/method consistency ... NOTE
Found the following apparent S3 methods exported but not registered:
  predict.BIMreg predict.BIreg print.BBest print.BBreg print.BIMreg
  print.BIreg print.summary.BBest print.summary.BBreg
  print.summary.BIMreg print.summary.BIreg summary.BBest summary.BBreg
  summary.BIMreg summary.BIreg
See section ‘Registering S3 methods’ in the ‘Writing R Extensions’
manual.
* checking replacement functions ... OK
* checking foreign function calls ... OK
* checking R code for possible problems ... OK
* checking Rd files ... WARNING
HRQoL-package.Rd: non-ASCII input and no declared encoding
problem found in ‘HRQoL-package.Rd’
* checking Rd metadata ... OK
* checking Rd line widths ... NOTE
Rd file 'BB.Rd':
  \examples lines wider than 100 characters:
     hist(bb,col="grey",breaks=seq(-0.5,n+0.5,1),probability=TRUE,main="Histogram",xlab="beta-binomial random variable")

These lines will be truncated in the PDF manual.
* checking Rd cross-references ... WARNING
Unknown package ‘<stats>’ in Rd xrefs
* checking for missing documentation entries ... WARNING
Undocumented code objects:
  ‘predict.BIMreg’ ‘predict.BIreg’ ‘print.BBest’ ‘print.BBreg’
  ‘print.BIMreg’ ‘print.BIreg’ ‘print.summary.BBest’
  ‘print.summary.BBreg’ ‘print.summary.BIMreg’ ‘print.summary.BIreg’
  ‘summary.BBest’ ‘summary.BBreg’ ‘summary.BIMreg’ ‘summary.BIreg’
All user-level objects in a package should have documentation entries.
See chapter ‘Writing R documentation files’ in the ‘Writing R
Extensions’ manual.
* checking for code/documentation mismatches ... OK
* checking Rd \usage sections ... OK
* checking Rd contents ... OK
* checking for unstated dependencies in examples ... OK
* checking examples ... OK
Examples with CPU or elapsed time > 5s
        user system elapsed
BIMreg 5.327  0.148   5.635
* checking PDF version of manual ... OK
* DONE
Status: 3 WARNINGs, 3 NOTEs
